<?xml version="1.0" encoding="UTF-8"?>
<!-- Generated by org.testng.reporters.JUnitXMLReporter -->
<testsuite ignored="0" hostname="DESKTOP-52PLLEC" failures="0" tests="1" name="Test" time="9.027" errors="0" timestamp="2026-01-29T02:26:50 IST">
  <testcase classname="framework.base.BaseTest" name="@BeforeSuite initializeAuthSession" time="11.024">
    <failure type="java.lang.NullPointerException" message="Cannot invoke &amp;quot;org.openqa.selenium.WebDriver.manage()&amp;quot; because &amp;quot;this.driver&amp;quot; is null">
      <![CDATA[java.lang.NullPointerException: Cannot invoke "org.openqa.selenium.WebDriver.manage()" because "this.driver" is null
at framework.base.BaseTest.initializeAuthSession(BaseTest.java:51)
... Removed 19 stack frames]]>
    </failure>
  </testcase> <!-- @BeforeSuite initializeAuthSession -->
  <testcase classname="tests.LoginTest" name="validLoginTest" time="0.0">
    <skipped/>
  </testcase> <!-- validLoginTest -->
</testsuite> <!-- Test -->
