<?xml version="1.0" encoding="UTF-8"?>
<!-- Generated by org.testng.reporters.JUnitXMLReporter -->
<testsuite ignored="0" hostname="DESKTOP-52PLLEC" failures="0" tests="1" name="Test1" time="10.713" errors="0" timestamp="2026-01-29T02:27:01 IST">
  <testcase classname="framework.base.BaseTest" name="@BeforeSuite initializeAuthSession" time="11.024">
    <failure type="java.lang.NullPointerException" message="Cannot invoke &amp;quot;org.openqa.selenium.WebDriver.manage()&amp;quot; because &amp;quot;this.driver&amp;quot; is null">
      <![CDATA[java.lang.NullPointerException: Cannot invoke "org.openqa.selenium.WebDriver.manage()" because "this.driver" is null
at framework.base.BaseTest.initializeAuthSession(BaseTest.java:51)
... Removed 19 stack frames]]>
    </failure>
  </testcase> <!-- @BeforeSuite initializeAuthSession -->
  <testcase classname="tests.LandingPageTest" name="@BeforeMethod setup" time="-1.769633821017E9">
    <skipped/>
  </testcase> <!-- @BeforeMethod setup -->
  <testcase classname="tests.LandingPageTest" name="goToDashboard" time="0.0">
    <skipped/>
  </testcase> <!-- goToDashboard -->
</testsuite> <!-- Test1 -->
