<?xml version="1.0" encoding="UTF-8"?>
<testng-results ignored="0" total="1" passed="1" failed="0" skipped="0">
  <reporter-output>
  </reporter-output>
  <suite started-at="2026-02-01T23:32:10 IST" name="Default suite" finished-at="2026-02-01T23:32:18 IST" duration-ms="8442">
    <groups>
    </groups>
    <test started-at="2026-02-01T23:32:10 IST" name="Default test" finished-at="2026-02-01T23:32:18 IST" duration-ms="8442">
      <class name="tests.LoginTest">
        <test-method is-config="true" signature="initializeAuthSession()[pri:0, instance:tests.LoginTest@2d52216b]" started-at="2026-02-01T23:32:06 IST" name="initializeAuthSession" finished-at="2026-02-01T23:32:10 IST" duration-ms="3788" status="PASS">
          <reporter-output>
          </reporter-output>
        </test-method> <!-- initializeAuthSession -->
        <test-method is-config="true" signature="setUp()[pri:0, instance:tests.LoginTest@2d52216b]" started-at="2026-02-01T23:32:10 IST" name="setUp" finished-at="2026-02-01T23:32:18 IST" duration-ms="8156" status="PASS">
          <reporter-output>
          </reporter-output>
        </test-method> <!-- setUp -->
        <test-method signature="validLoginTest()[pri:0, instance:tests.LoginTest@2d52216b]" started-at="2026-02-01T23:32:18 IST" name="validLoginTest" finished-at="2026-02-01T23:32:18 IST" duration-ms="6" status="PASS">
          <reporter-output>
          </reporter-output>
        </test-method> <!-- validLoginTest -->
        <test-method is-config="true" signature="tearDown()[pri:0, instance:tests.LoginTest@2d52216b]" started-at="2026-02-01T23:32:18 IST" name="tearDown" finished-at="2026-02-01T23:32:18 IST" duration-ms="245" status="PASS">
          <reporter-output>
          </reporter-output>
        </test-method> <!-- tearDown -->
      </class> <!-- tests.LoginTest -->
    </test> <!-- Default test -->
  </suite> <!-- Default suite -->
</testng-results>
